<?xml version="1.0" encoding="UTF-8"?>
<!-- Generated by org.testng.reporters.JUnitReportReporter -->
<testsuite hostname="DESKTOP-2ABDV09" name="top.fzqblog.test.service.ServiceTest" tests="6" failures="3" timestamp="15 Jul 2016 18:41:59 GMT" time="2.936" errors="0">
  <testcase name="test" time="0.221" classname="top.fzqblog.test.service.ServiceTest">
    <failure type="top.fzqblog.exception.BussinessException" message="用户名已存在">
      <![CDATA[top.fzqblog.exception.BussinessException: 用户名已存在
]]>
    </failure>
  </testcase> <!-- test -->
  <testcase name="testlogin" time="0.015" classname="top.fzqblog.test.service.ServiceTest">
    <failure type="top.fzqblog.exception.BussinessException" message="用户不存在">
      <![CDATA[top.fzqblog.exception.BussinessException: 用户不存在
]]>
    </failure>
  </testcase> <!-- testlogin -->
  <testcase name="testMailUtils" time="0.398" classname="top.fzqblog.test.service.ServiceTest">
    <failure type="javax.mail.AuthenticationFailedException" message="535 5.7.8 authentication failed
">
      <![CDATA[javax.mail.AuthenticationFailedException: 535 5.7.8 authentication failed

	at com.sun.mail.smtp.SMTPTransport$Authenticator.authenticate(SMTPTransport.java:826)
	at com.sun.mail.smtp.SMTPTransport.authenticate(SMTPTransport.java:761)
	at com.sun.mail.smtp.SMTPTransport.protocolConnect(SMTPTransport.java:685)
	at javax.mail.Service.connect(Service.java:367)
	at javax.mail.Service.connect(Service.java:226)
	at javax.mail.Service.connect(Service.java:175)
	at javax.mail.Transport.send0(Transport.java:253)
	at javax.mail.Transport.send(Transport.java:124)
	at top.fzqblog.utils.MailUtils.sendMail(MailUtils.java:51)
	at top.fzqblog.test.service.ServiceTest.testMailUtils(ServiceTest.java:56)
	at sun.reflect.NativeMethodAccessorImpl.invoke0(Native Method)
	at sun.reflect.NativeMethodAccessorImpl.invoke(NativeMethodAccessorImpl.java:62)
	at sun.reflect.DelegatingMethodAccessorImpl.invoke(DelegatingMethodAccessorImpl.java:43)
	at java.lang.reflect.Method.invoke(Method.java:498)
	at org.testng.internal.MethodInvocationHelper.invokeMethod(MethodInvocationHelper.java:84)
	at org.testng.internal.MethodInvocationHelper$1.runTestMethod(MethodInvocationHelper.java:200)
	at org.springframework.test.context.testng.AbstractTestNGSpringContextTests.run(AbstractTestNGSpringContextTests.java:171)
	at sun.reflect.NativeMethodAccessorImpl.invoke0(Native Method)
	at sun.reflect.NativeMethodAccessorImpl.invoke(NativeMethodAccessorImpl.java:62)
	at sun.reflect.DelegatingMethodAccessorImpl.invoke(DelegatingMethodAccessorImpl.java:43)
	at java.lang.reflect.Method.invoke(Method.java:498)
	at org.testng.internal.MethodInvocationHelper.invokeHookable(MethodInvocationHelper.java:212)
	at org.testng.internal.Invoker.invokeMethod(Invoker.java:707)
	at org.testng.internal.Invoker.invokeTestMethod(Invoker.java:901)
	at org.testng.internal.Invoker.invokeTestMethods(Invoker.java:1231)
	at org.testng.internal.TestMethodWorker.invokeTestMethods(TestMethodWorker.java:127)
	at org.testng.internal.TestMethodWorker.run(TestMethodWorker.java:111)
	at org.testng.TestRunner.privateRun(TestRunner.java:767)
	at org.testng.TestRunner.run(TestRunner.java:617)
	at org.testng.SuiteRunner.runTest(SuiteRunner.java:334)
	at org.testng.SuiteRunner.runSequentially(SuiteRunner.java:329)
	at org.testng.SuiteRunner.privateRun(SuiteRunner.java:291)
	at org.testng.SuiteRunner.run(SuiteRunner.java:240)
	at org.testng.SuiteRunnerWorker.runSuite(SuiteRunnerWorker.java:52)
	at org.testng.SuiteRunnerWorker.run(SuiteRunnerWorker.java:86)
	at org.testng.TestNG.runSuitesSequentially(TestNG.java:1224)
	at org.testng.TestNG.runSuitesLocally(TestNG.java:1149)
	at org.testng.TestNG.run(TestNG.java:1057)
	at org.testng.remote.AbstractRemoteTestNG.run(AbstractRemoteTestNG.java:126)
	at org.testng.remote.RemoteTestNG.initAndRun(RemoteTestNG.java:137)
	at org.testng.remote.RemoteTestNG.main(RemoteTestNG.java:58)
]]>
    </failure>
  </testcase> <!-- testMailUtils -->
  <testcase name="testsendMail" time="1.056" classname="top.fzqblog.test.service.ServiceTest"/>
  <testcase name="mailTest" time="1.242" classname="top.fzqblog.test.service.ServiceTest"/>
  <testcase name="testsendgetRandomString" time="0.004" classname="top.fzqblog.test.service.ServiceTest"/>
</testsuite> <!-- top.fzqblog.test.service.ServiceTest -->
