<?xml version="1.0" encoding="UTF-8"?>
<!-- Generated by org.testng.reporters.JUnitReportReporter -->
<testsuite hostname="DESKTOP-2ABDV09" name="top.fzqblog.test.service.PrettyTimeTest" tests="1" failures="0" timestamp="21 Jul 2016 16:57:58 GMT" time="0.039" errors="0">
  <testcase name="testMomentsAgo" time="0.039" classname="top.fzqblog.test.service.PrettyTimeTest"/>
</testsuite> <!-- top.fzqblog.test.service.PrettyTimeTest -->
