<?xml version="1.0" encoding="UTF-8"?>
<!-- Generated by org.testng.reporters.JUnitReportReporter -->
<testsuite hostname="DESKTOP-2ABDV09" name="top.fzqblog.test.service.ShuoShuoServiceTest" tests="1" failures="0" timestamp="25 Jul 2016 16:01:30 GMT" time="0.347" errors="0">
  <testcase name="doLikeTest" time="0.347" classname="top.fzqblog.test.service.ShuoShuoServiceTest"/>
</testsuite> <!-- top.fzqblog.test.service.ShuoShuoServiceTest -->
